<?xml version="1.0" encoding="UTF-8"?>
<!-- Generated by org.testng.reporters.JUnitReportReporter -->
<testsuite hostname="DESKTOP-0M48OKB" failures="0" tests="3" name="SeleniumTestNgPractice.PaymentTest" time="0.008" errors="0" timestamp="2025-01-03T20:44:39 IST" skipped="0">
  <testcase classname="SeleniumTestNgPractice.PaymentTest" name="paymentbyruupess" time="0.003"/>
  <testcase classname="SeleniumTestNgPractice.PaymentTest" name="paymentbydollar" time="0.003"/>
  <testcase classname="SeleniumTestNgPractice.PaymentTest" name="paymentbytaka" time="0.002"/>
</testsuite> <!-- SeleniumTestNgPractice.PaymentTest -->
