<?xml version="1.0" encoding="UTF-8"?>
<!-- Generated by org.testng.reporters.JUnitReportReporter -->
<testsuite hostname="DESKTOP-0M48OKB" failures="0" tests="1" name="SeleniumTestNgPractice.AssertionDemo" time="0.014" errors="0" timestamp="2025-01-03T18:37:33 IST" skipped="0">
  <testcase classname="SeleniumTestNgPractice.AssertionDemo" name="testTitle" time="0.014"/>
</testsuite> <!-- SeleniumTestNgPractice.AssertionDemo -->
