<?xml version="1.0" encoding="UTF-8"?>
<!-- Generated by org.testng.reporters.JUnitReportReporter -->
<testsuite hostname="DESKTOP-0M48OKB" failures="0" tests="2" name="SeleniumTestNgPractice.AnnotationTestNg" time="0.089" errors="0" timestamp="2025-01-02T23:51:46 IST" skipped="0">
  <testcase classname="SeleniumTestNgPractice.AnnotationTestNg" name="search" time="0.041"/>
  <testcase classname="SeleniumTestNgPractice.AnnotationTestNg" name="advancesearch" time="0.048"/>
</testsuite> <!-- SeleniumTestNgPractice.AnnotationTestNg -->
