<?xml version="1.0" encoding="UTF-8"?>
<!-- Generated by org.testng.reporters.JUnitReportReporter -->
<testsuite hostname="DESKTOP-0M48OKB" failures="0" tests="2" name="SeleniumTestNgPractice.AnnotationDemo" time="0.020" errors="0" timestamp="2025-01-03T00:23:56 IST" skipped="0">
  <testcase classname="SeleniumTestNgPractice.AnnotationDemo" name="search" time="0.018"/>
  <testcase classname="SeleniumTestNgPractice.AnnotationDemo" name="advancesearch" time="0.002"/>
</testsuite> <!-- SeleniumTestNgPractice.AnnotationDemo -->
