<?xml version="1.0" encoding="UTF-8"?>
<!-- Generated by org.testng.reporters.JUnitReportReporter -->
<testsuite hostname="DESKTOP-0M48OKB" failures="0" tests="2" name="SeleniumTestNgPractice.AnnotationDemo4" time="0.005" errors="0" timestamp="2025-01-03T13:47:18 IST" skipped="0">
  <testcase classname="SeleniumTestNgPractice.AnnotationDemo4" name="pqr" time="0.004"/>
  <testcase classname="SeleniumTestNgPractice.AnnotationDemo4" name="pqr" time="0.001"/>
</testsuite> <!-- SeleniumTestNgPractice.AnnotationDemo4 -->
