<?xml version="1.0" encoding="UTF-8"?>
<!-- Generated by org.testng.reporters.JUnitReportReporter -->
<testsuite hostname="DESKTOP-0M48OKB" failures="0" tests="2" name="com.selenium.TestNg.Practice.SeleniumTestNg$FirstTestCase" time="0.024" errors="0" timestamp="2025-01-02T19:46:28 IST" skipped="0">
  <testcase classname="com.selenium.TestNg.Practice.SeleniumTestNg$FirstTestCase" name="login" time="0.018"/>
  <testcase classname="com.selenium.TestNg.Practice.SeleniumTestNg$FirstTestCase" name="openapp" time="0.006"/>
</testsuite> <!-- com.selenium.TestNg.Practice.SeleniumTestNg$FirstTestCase -->
