<?xml version="1.0" encoding="UTF-8"?>
<!-- Generated by org.testng.reporters.JUnitReportReporter -->
<testsuite hostname="DESKTOP-0M48OKB" failures="0" tests="4" name="SeleniumTestNgPractice.ParallelTestingUsingXml" time="19.435" errors="0" timestamp="2025-01-08T20:44:39 IST" skipped="0">
  <testcase classname="SeleniumTestNgPractice.ParallelTestingUsingXml" name="testlogo" time="3.758"/>
  <testcase classname="SeleniumTestNgPractice.ParallelTestingUsingXml" name="testTitle" time="4.570"/>
  <testcase classname="SeleniumTestNgPractice.ParallelTestingUsingXml" name="testTitle" time="7.348"/>
  <testcase classname="SeleniumTestNgPractice.ParallelTestingUsingXml" name="testlogo" time="3.759"/>
</testsuite> <!-- SeleniumTestNgPractice.ParallelTestingUsingXml -->
