<?xml version="1.0" encoding="UTF-8"?>
<!-- Generated by org.testng.reporters.JUnitReportReporter -->
<testsuite hostname="DESKTOP-0M48OKB" failures="0" tests="2" name="SeleniumTestNgPractice.AnnotationDemo3" time="0.006" errors="0" timestamp="2025-01-03T13:47:18 IST" skipped="0">
  <testcase classname="SeleniumTestNgPractice.AnnotationDemo3" name="xyz" time="0.003"/>
  <testcase classname="SeleniumTestNgPractice.AnnotationDemo3" name="xyz" time="0.003"/>
</testsuite> <!-- SeleniumTestNgPractice.AnnotationDemo3 -->
