<?xml version="1.0" encoding="UTF-8"?>
<!-- Generated by org.testng.reporters.JUnitReportReporter -->
<testsuite hostname="DESKTOP-0M48OKB" failures="0" tests="2" name="SeleniumTestNgPractice.AnnotationDemo2" time="0.016" errors="0" timestamp="2025-01-03T13:47:18 IST" skipped="0">
  <testcase classname="SeleniumTestNgPractice.AnnotationDemo2" name="acb" time="0.014"/>
  <testcase classname="SeleniumTestNgPractice.AnnotationDemo2" name="acb" time="0.002"/>
</testsuite> <!-- SeleniumTestNgPractice.AnnotationDemo2 -->
