<?xml version="1.0" encoding="UTF-8"?>
<!-- Generated by org.testng.reporters.JUnitReportReporter -->
<testsuite hostname="DESKTOP-0M48OKB" failures="0" tests="2" name="SeleniumTestNgPractice.AnnotationAll" time="0.021" errors="0" timestamp="2025-01-03T13:56:27 IST" skipped="0">
  <testcase classname="SeleniumTestNgPractice.AnnotationAll" name="test" time="0.013"/>
  <testcase classname="SeleniumTestNgPractice.AnnotationAll" name="test1" time="0.008"/>
</testsuite> <!-- SeleniumTestNgPractice.AnnotationAll -->
