<?xml version="1.0" encoding="UTF-8"?>
<!-- Generated by org.testng.reporters.JUnitReportReporter -->
<testsuite hostname="DESKTOP-0M48OKB" failures="0" tests="3" name="SeleniumTestNgPractice.SignupTest" time="0.011" errors="0" timestamp="2025-01-03T20:44:39 IST" skipped="0">
  <testcase classname="SeleniumTestNgPractice.SignupTest" name="signByEmail" time="0.004"/>
  <testcase classname="SeleniumTestNgPractice.SignupTest" name="signByFacebook" time="0.004"/>
  <testcase classname="SeleniumTestNgPractice.SignupTest" name="signByTwitter" time="0.003"/>
</testsuite> <!-- SeleniumTestNgPractice.SignupTest -->
