<?xml version="1.0" encoding="UTF-8"?>
<!-- Generated by org.testng.reporters.JUnitReportReporter -->
<testsuite hostname="DESKTOP-0M48OKB" failures="0" tests="3" name="SeleniumTestNgPractice.LoginTest" time="0.023" errors="0" timestamp="2025-01-03T20:44:39 IST" skipped="0">
  <testcase classname="SeleniumTestNgPractice.LoginTest" name="loginByEmail" time="0.016"/>
  <testcase classname="SeleniumTestNgPractice.LoginTest" name="loginByFacebook" time="0.004"/>
  <testcase classname="SeleniumTestNgPractice.LoginTest" name="loginByTwitter" time="0.003"/>
</testsuite> <!-- SeleniumTestNgPractice.LoginTest -->
