<?xml version="1.0" encoding="UTF-8"?>
<!-- Generated by org.testng.reporters.JUnitReportReporter -->
<testsuite hostname="DESKTOP-0M48OKB" failures="0" tests="3" name="TestNg.SeleniumTestNg$FirstTestCase" time="0.019" errors="0" timestamp="2025-01-02T19:37:34 IST" skipped="0">
  <testcase classname="TestNg.SeleniumTestNg$FirstTestCase" name="openapp" time="0.014"/>
  <testcase classname="TestNg.SeleniumTestNg$FirstTestCase" name="login" time="0.002"/>
  <testcase classname="TestNg.SeleniumTestNg$FirstTestCase" name="logout" time="0.003"/>
</testsuite> <!-- TestNg.SeleniumTestNg$FirstTestCase -->
