<?xml version="1.0" encoding="UTF-8"?>
<!-- Generated by org.testng.reporters.JUnitReportReporter -->
<testsuite hostname="DESKTOP-0M48OKB" failures="0" tests="4" name="com.selenium.TestNg.Practice.OrangeHrmTestTestng" time="78.376" errors="0" timestamp="2025-01-02T21:19:41 IST" skipped="0">
  <testcase classname="com.selenium.TestNg.Practice.OrangeHrmTestTestng" name="openApp" time="72.463"/>
  <testcase classname="com.selenium.TestNg.Practice.OrangeHrmTestTestng" name="testLogo" time="0.832"/>
  <testcase classname="com.selenium.TestNg.Practice.OrangeHrmTestTestng" name="testLogin" time="3.689"/>
  <testcase classname="com.selenium.TestNg.Practice.OrangeHrmTestTestng" name="testClose" time="1.392"/>
</testsuite> <!-- com.selenium.TestNg.Practice.OrangeHrmTestTestng -->
